
> react-tailwind-css-starter-pack@0.1.0 build
> react-scripts build

(node:9680) [DEP0176] DeprecationWarning: fs.F_OK is deprecated, use fs.constants.F_OK instead
(Use `node --trace-deprecation ...` to show where the warning was created)
Creating an optimized production build...
Browserslist: caniuse-lite is outdated. Please run:
  npx update-browserslist-db@latest
  Why you should do it regularly: https://github.com/browserslist/update-db#readme
Browserslist: caniuse-lite is outdated. Please run:
  npx update-browserslist-db@latest
  Why you should do it regularly: https://github.com/browserslist/update-db#readme
Compiled with warnings.

Warning
(28:3) Nested CSS was detected, but CSS nesting has not been configured correctly.
Please enable a CSS nesting plugin *before* Tailwind in your configuration.
See how here: https://tailwindcss.com/docs/using-with-preprocessors#nesting

Warning
(95:3) Nested CSS was detected, but CSS nesting has not been configured correctly.
Please enable a CSS nesting plugin *before* Tailwind in your configuration.
See how here: https://tailwindcss.com/docs/using-with-preprocessors#nesting

[eslint] 
src\App.js
  Line 34:9:  'dispatch' is assigned a value but never used  no-unused-vars
  Line 35:9:  'navigate' is assigned a value but never used  no-unused-vars

src\components\ContactPage\ContactUsForm.jsx
  Line 21:13:  'res' is assigned a value but never used  no-unused-vars

src\components\common\ReviewSlider.jsx
  Line 17:11:  'truncateWords' is assigned a value but never used                                                          no-unused-vars
  Line 33:8:   React Hook useEffect has a missing dependency: 'reviews'. Either include it or remove the dependency array  react-hooks/exhaustive-deps

src\components\core\Auth\Template.jsx
  Line 1:10:  'FcGoogle' is defined but never used  no-unused-vars

src\components\core\Catalog\CourseSlider.jsx
  Line 28:15:  Imported JSX component Course_Card must be in PascalCase or SCREAMING_SNAKE_CASE  react/jsx-pascal-case

src\components\core\Course\CourseAccordionBar.jsx
  Line 13:6:  React Hook useEffect has a missing dependency: 'course._id'. Either include it or remove the dependency array. If 'setActive' needs the current value of 'course._id', you can also switch to useReducer instead of useState and read 'course._id' in the reducer  react-hooks/exhaustive-deps

src\components\core\Course\CourseDetailsCard.js
  Line 22:10:  'courseId' is assigned a value but never used  no-unused-vars

src\components\core\Course\CourseSubSectionAccordion.jsx
  Line 1:17:  'useEffect' is defined but never used      no-unused-vars
  Line 1:28:  'useRef' is defined but never used         no-unused-vars
  Line 1:36:  'useState' is defined but never used       no-unused-vars
  Line 2:10:  'AiOutlineDown' is defined but never used  no-unused-vars

src\components\core\Dashboard\AddCourse\CourseBuilder\SubSectionModal.jsx
  Line 46:6:  React Hook useEffect has missing dependencies: 'edit', 'modalData.description', 'modalData.title', 'modalData.videoUrl', 'setValue', and 'view'. Either include them or remove the dependency array  react-hooks/exhaustive-deps

src\components\core\Dashboard\AddCourse\PublishCourse\index.jsx
  Line 24:6:  React Hook useEffect has missing dependencies: 'course?.status' and 'setValue'. Either include them or remove the dependency array  react-hooks/exhaustive-deps

src\components\core\Dashboard\AddCourse\Upload.jsx
  Line 19:11:  'course' is assigned a value but never used  no-unused-vars

src\components\core\Dashboard\EditCourse\index.js
  Line 6:3:  'fetchCourseDetails' is defined but never used  no-unused-vars

src\components\core\Dashboard\EnrolledCourses.jsx
  Line 3:10:  'BiDotsVerticalRounded' is defined but never used                                                                      no-unused-vars
  Line 25:6:  React Hook useEffect has a missing dependency: 'getEnrolledCourses'. Either include it or remove the dependency array  react-hooks/exhaustive-deps

src\components\core\Dashboard\InstructorCourses\CoursesTable.jsx
  Line 4:10:  'setCourse' is defined but never used          no-unused-vars
  Line 4:21:  'setEditCourse' is defined but never used      no-unused-vars
  Line 22:9:  'dispatch' is assigned a value but never used  no-unused-vars

src\components\core\Dashboard\InstructorDashboard\Instructor.jsx
  Line 33:7:   React Hook useEffect has a missing dependency: 'token'. Either include it or remove the dependency array   react-hooks/exhaustive-deps
  Line 82:29:  img elements must have an alt prop, either with meaningful text, or an empty string for decorative images  jsx-a11y/alt-text

src\components\core\HomePage\CodeBlocks.jsx
  Line 3:8:  'HighlightText' is defined but never used  no-unused-vars

src\components\core\HomePage\TimelineSection.jsx
  Line 44:33:  img elements must have an alt prop, either with meaningful text, or an empty string for decorative images  jsx-a11y/alt-text

src\components\core\ViewCourse\CourseReviewModal.jsx
  Line 23:7:   React Hook useEffect has a missing dependency: 'setValue'. Either include it or remove the dependency array                                                                                      react-hooks/exhaustive-deps
  Line 58:21:  Redundant alt attribute. Screen-readers already announce `img` tags as an image. You don’t need to use the words `image`, `photo,` or `picture` (or any specified custom words) in the alt prop  jsx-a11y/img-redundant-alt

src\components\core\ViewCourse\VideoDetails.jsx
  Line 51:5:    React Hook useEffect has missing dependencies: 'courseId', 'navigate', 'sectionId', and 'subSectionId'. Either include them or remove the dependency array  react-hooks/exhaustive-deps
  Line 123:11:  'noOfSubSections' is assigned a value but never used                                                                                                        no-unused-vars
  Line 129:31:  Expected '!==' and instead saw '!='                                                                                                                         eqeqeq

src\components\core\ViewCourse\VideoDetailsSidebar.jsx
  Line 37:7:  React Hook useEffect has missing dependencies: 'sectionId' and 'subSectionId'. Either include them or remove the dependency array  react-hooks/exhaustive-deps

src\pages\Catalog.jsx
  Line 131:21:  Imported JSX component Course_Card must be in PascalCase or SCREAMING_SNAKE_CASE  react/jsx-pascal-case

src\pages\CourseDetails.jsx
  Line 65:36:  Expected '!==' and instead saw '!='             eqeqeq
  Line 91:10:  'course_id' is assigned a value but never used  no-unused-vars

src\pages\ViewCourse.jsx
  Line 29:7:  React Hook useEffect has missing dependencies: 'courseId', 'dispatch', and 'token'. Either include them or remove the dependency array  react-hooks/exhaustive-deps

src\services\operations\courseDetailsAPI.js
  Line 3:10:  'updateCompletedLectures' is defined but never used  no-unused-vars

src\services\operations\pageAndComponentData.js
  Line 1:8:  'React' is defined but never used  no-unused-vars

Search for the keywords to learn more about each warning.
To ignore, add // eslint-disable-next-line to the line before.

File sizes after gzip:

  987.88 kB (-137 B)  build\static\js\main.57395003.js
  21.16 kB            build\static\css\main.a32c00fe.css

The bundle size is significantly larger than recommended.
Consider reducing it with code splitting: https://goo.gl/9VhYWB
You can also analyze the project dependencies: https://goo.gl/LeUzfb

The project was built assuming it is hosted at /.
You can control this with the homepage field in your package.json.

The build folder is ready to be deployed.
You may serve it with a static server:

  npm install -g serve
  serve -s build

Find out more about deployment here:

  https://cra.link/deployment

